no change     /itet-stor/sdauncey/net_scratch/conda/condabin/conda
no change     /itet-stor/sdauncey/net_scratch/conda/bin/conda
no change     /itet-stor/sdauncey/net_scratch/conda/bin/conda-env
no change     /itet-stor/sdauncey/net_scratch/conda/bin/activate
no change     /itet-stor/sdauncey/net_scratch/conda/bin/deactivate
no change     /itet-stor/sdauncey/net_scratch/conda/etc/profile.d/conda.sh
no change     /itet-stor/sdauncey/net_scratch/conda/etc/fish/conf.d/conda.fish
no change     /itet-stor/sdauncey/net_scratch/conda/shell/condabin/Conda.psm1
no change     /itet-stor/sdauncey/net_scratch/conda/shell/condabin/conda-hook.ps1
no change     /itet-stor/sdauncey/net_scratch/conda/lib/python3.12/site-packages/xontrib/conda.xsh
no change     /itet-stor/sdauncey/net_scratch/conda/etc/profile.d/conda.csh
no change     /home/sdauncey/.bashrc
No action taken.
Starting experiment at Sat Apr 12 16:55:04 CEST 2025
Downloading OpenWebText dataset...
Downloaded 80138 examples from OpenWebText

Sample text from OpenWebText:
Port-au-Prince, Haiti (CNN) -- Earthquake victims, writhing in pain and grasping at life, watched doctors and nurses walk away from a field hospital Friday night after a Belgian medical team evacuated the area, saying it was concerned about security.

The decision left CNN Chief Medical Correspondent Sanjay Gupta as the only doctor at the hospital to get the patients through the night.

CNN initially reported, based on conversations with some of the doctors, that the United Nations ordered the B...
my_model has 1.3M parameters
Epoch 1/1, GPU usage:
GPU 0:
  Total GPU memory: 23.7 GB
  Free GPU memory: 23.4 GB
  Allocated GPU memory: 0.0 GB
CPU Memory before epoch: 723.95 MB
CPU Memory at batch 0: 733.77 MB
Current memory usage: 3.86 MB; Peak: 3.91 MB
After GC: 733.77 MB
torch.Size([8, 4096])
Batch ar train loss: 5.703896522521973
torch.Size([8, 4096])
Batch ar train loss: 5.312123775482178
torch.Size([8, 4096])
Batch ar train loss: 5.191188812255859
torch.Size([8, 4096])
Batch ar train loss: 5.232396125793457
torch.Size([8, 4096])
Batch ar train loss: 4.934726238250732
torch.Size([8, 4096])
Batch ar train loss: 4.389021396636963
torch.Size([8, 4096])
Batch ar train loss: 4.742233753204346
torch.Size([8, 4096])
Batch ar train loss: 3.994947910308838
torch.Size([8, 4096])
Batch ar train loss: 4.206113338470459
torch.Size([8, 4096])
Batch ar train loss: 3.6417644023895264
CPU Memory at batch 10: 1101.02 MB
Current memory usage: 4.26 MB; Peak: 7.21 MB
After GC: 1101.02 MB
torch.Size([8, 4096])
Batch ar train loss: 3.79535174369812
torch.Size([8, 4096])
Batch ar train loss: 3.9397945404052734
torch.Size([8, 4096])
Batch ar train loss: 3.6649980545043945
torch.Size([8, 4096])
Batch ar train loss: 3.664047956466675
torch.Size([8, 4096])
Batch ar train loss: 4.472033500671387
torch.Size([8, 4096])
Batch ar train loss: 3.5152060985565186
torch.Size([8, 4096])
Batch ar train loss: 3.899106502532959
torch.Size([8, 4096])
Batch ar train loss: 3.531888484954834
torch.Size([8, 4096])
Batch ar train loss: 3.3474795818328857
torch.Size([8, 4096])
Batch ar train loss: 2.917483329772949
CPU Memory at batch 20: 1109.02 MB
Current memory usage: 4.12 MB; Peak: 16.77 MB
After GC: 1109.02 MB
torch.Size([8, 4096])
Batch ar train loss: 3.5159995555877686
torch.Size([8, 4096])
Batch ar train loss: 3.3461062908172607
torch.Size([8, 4096])
Batch ar train loss: 3.2872745990753174
torch.Size([8, 4096])
Batch ar train loss: 3.2424848079681396
torch.Size([8, 3719])
Batch ar train loss: 3.0083351135253906
torch.Size([8, 4096])
Batch ar train loss: 4.018807411193848
torch.Size([8, 4096])
Batch ar train loss: 3.0458431243896484
torch.Size([8, 4096])
Batch ar train loss: 2.7980079650878906
torch.Size([8, 4096])
Batch ar train loss: 2.9061942100524902
torch.Size([8, 4096])
Batch ar train loss: 2.71513295173645
CPU Memory at batch 30: 1109.52 MB
Current memory usage: 4.07 MB; Peak: 16.77 MB
After GC: 1109.52 MB
torch.Size([8, 4096])
Batch ar train loss: 2.8711421489715576
torch.Size([8, 4096])
Batch ar train loss: 3.2460999488830566
torch.Size([8, 4096])
Batch ar train loss: 3.274740219116211
torch.Size([8, 4096])
Batch ar train loss: 4.148098945617676
torch.Size([8, 4096])
Batch ar train loss: 3.374141216278076
torch.Size([8, 4096])
Batch ar train loss: 3.2974300384521484
torch.Size([8, 4096])
Batch ar train loss: 3.07069730758667
torch.Size([8, 4096])
Batch ar train loss: 3.0334041118621826
torch.Size([8, 4096])
Batch ar train loss: 3.0566201210021973
torch.Size([8, 4096])
Batch ar train loss: 2.8446261882781982
CPU Memory at batch 40: 1110.50 MB
Current memory usage: 4.38 MB; Peak: 16.77 MB
After GC: 1110.50 MB
torch.Size([8, 4096])
Batch ar train loss: 3.0231704711914062
torch.Size([8, 4096])
Batch ar train loss: 2.625380277633667
torch.Size([8, 4096])
Batch ar train loss: 3.235746383666992
torch.Size([8, 4096])
Batch ar train loss: 2.5560333728790283
torch.Size([8, 4096])
Batch ar train loss: 3.488450765609741
torch.Size([8, 4096])
Batch ar train loss: 2.891979694366455
torch.Size([8, 4096])
Batch ar train loss: 2.6247501373291016
torch.Size([8, 4096])
Batch ar train loss: 3.298671245574951
torch.Size([8, 4096])
Batch ar train loss: 3.1123814582824707
torch.Size([8, 4096])
Batch ar train loss: 2.918663501739502
CPU Memory at batch 50: 1116.22 MB
Current memory usage: 4.16 MB; Peak: 19.43 MB
After GC: 1116.22 MB
torch.Size([8, 4096])
Batch ar train loss: 3.175147533416748
torch.Size([8, 4096])
Batch ar train loss: 2.8903250694274902
torch.Size([8, 4096])
Batch ar train loss: 3.0083916187286377
torch.Size([8, 4096])
Batch ar train loss: 2.564728021621704
torch.Size([8, 4096])
Batch ar train loss: 2.917844295501709
torch.Size([8, 4096])
Batch ar train loss: 1.9017064571380615
torch.Size([8, 4096])
Batch ar train loss: 2.972689390182495
torch.Size([8, 4096])
Batch ar train loss: 3.1325995922088623
torch.Size([8, 4096])
Batch ar train loss: 2.762923002243042
torch.Size([8, 4096])
Batch ar train loss: 2.6359152793884277
CPU Memory at batch 60: 1116.23 MB
Current memory usage: 4.16 MB; Peak: 19.43 MB
After GC: 1116.23 MB
torch.Size([8, 4096])
Batch ar train loss: 3.3748884201049805
torch.Size([8, 4096])
Batch ar train loss: 2.2658681869506836
torch.Size([8, 4096])
Batch ar train loss: 3.2752811908721924
torch.Size([8, 4096])
Batch ar train loss: 2.584907293319702
torch.Size([8, 4096])
Batch ar train loss: 2.4902772903442383
torch.Size([8, 4096])
Batch ar train loss: 2.6756179332733154
torch.Size([8, 4096])
Batch ar train loss: 3.115776777267456
torch.Size([8, 4096])
Batch ar train loss: 2.8708832263946533
torch.Size([8, 4096])
Batch ar train loss: 2.507152557373047
torch.Size([8, 4096])
Batch ar train loss: 2.6756432056427
CPU Memory at batch 70: 1116.24 MB
Current memory usage: 4.14 MB; Peak: 19.43 MB
After GC: 1116.24 MB
torch.Size([8, 4096])
Batch ar train loss: 2.745789051055908
torch.Size([8, 4096])
Batch ar train loss: 2.7222328186035156
torch.Size([8, 4096])
Batch ar train loss: 3.0602245330810547
torch.Size([8, 4096])
Batch ar train loss: 2.770475387573242
torch.Size([8, 4096])
Batch ar train loss: 2.3651273250579834
torch.Size([8, 4096])
Batch ar train loss: 3.207033634185791
torch.Size([8, 4096])
Batch ar train loss: 2.177161693572998
torch.Size([8, 4096])
Batch ar train loss: 2.4564502239227295
torch.Size([8, 4096])
Batch ar train loss: 1.9987618923187256
torch.Size([8, 4096])
Batch ar train loss: 3.0235211849212646
CPU Memory at batch 80: 1119.19 MB
Current memory usage: 4.11 MB; Peak: 19.43 MB
After GC: 1119.19 MB
torch.Size([8, 4096])
Batch ar train loss: 2.559357166290283
torch.Size([8, 4096])
Batch ar train loss: 2.690455198287964
torch.Size([8, 4096])
Batch ar train loss: 2.4889867305755615
torch.Size([8, 4096])
Batch ar train loss: 2.638855218887329
torch.Size([8, 4096])
Batch ar train loss: 2.469184160232544
torch.Size([8, 4096])
Batch ar train loss: 2.527132034301758
torch.Size([8, 4096])
Batch ar train loss: 2.414994239807129
torch.Size([8, 4096])
Batch ar train loss: 2.624187707901001
torch.Size([8, 4096])
Batch ar train loss: 3.07210111618042
torch.Size([8, 4096])
Batch ar train loss: 2.153820037841797
CPU Memory at batch 90: 1119.20 MB
Current memory usage: 4.25 MB; Peak: 19.43 MB
After GC: 1119.20 MB
torch.Size([8, 4096])
Batch ar train loss: 3.041548013687134
torch.Size([8, 4096])
Batch ar train loss: 2.6369359493255615
torch.Size([8, 4096])
Batch ar train loss: 2.089986562728882
torch.Size([8, 4096])
Batch ar train loss: 2.673635721206665
torch.Size([8, 4096])
Batch ar train loss: 2.278881549835205
torch.Size([8, 4096])
Batch ar train loss: 2.420123338699341
torch.Size([8, 4096])
Batch ar train loss: 1.9149959087371826
torch.Size([8, 4096])
Batch ar train loss: 2.4760677814483643
torch.Size([8, 4096])
Batch ar train loss: 2.4721171855926514
torch.Size([8, 4096])
Batch ar train loss: 2.659863233566284
CPU Memory at batch 100: 1119.20 MB
Current memory usage: 4.20 MB; Peak: 19.43 MB
After GC: 1119.20 MB
torch.Size([8, 4096])
Batch ar train loss: 1.7337560653686523
torch.Size([8, 4096])
Batch ar train loss: 3.044154167175293
torch.Size([8, 4096])
Batch ar train loss: 2.6398086547851562
torch.Size([8, 4096])
Batch ar train loss: 2.393782138824463
torch.Size([8, 4096])
Batch ar train loss: 1.921944499015808
torch.Size([8, 4096])
Batch ar train loss: 2.4943697452545166
torch.Size([8, 4096])
Batch ar train loss: 2.1425328254699707
torch.Size([8, 4096])
Batch ar train loss: 2.7698168754577637
torch.Size([8, 4096])
Batch ar train loss: 2.8004684448242188
torch.Size([8, 4096])
Batch ar train loss: 2.1749484539031982
CPU Memory at batch 110: 1119.21 MB
Current memory usage: 4.17 MB; Peak: 19.43 MB
After GC: 1119.21 MB
torch.Size([8, 4096])
Batch ar train loss: 2.3543474674224854
torch.Size([8, 4096])
Batch ar train loss: 2.8165881633758545
torch.Size([8, 4096])
Batch ar train loss: 2.488550901412964
torch.Size([8, 4096])
Batch ar train loss: 2.336604356765747
torch.Size([8, 4096])
Batch ar train loss: 2.574612617492676
torch.Size([8, 4096])
Batch ar train loss: 2.7283504009246826
torch.Size([8, 4096])
Batch ar train loss: 2.046956777572632
torch.Size([8, 4096])
Batch ar train loss: 2.4322361946105957
torch.Size([8, 4096])
Batch ar train loss: 2.7710742950439453
torch.Size([8, 3665])
Batch ar train loss: 1.8166605234146118
CPU Memory at batch 120: 1119.21 MB
Current memory usage: 4.31 MB; Peak: 19.43 MB
After GC: 1119.21 MB
torch.Size([8, 4096])
Batch ar train loss: 2.509366989135742
torch.Size([8, 4096])
Batch ar train loss: 2.4311351776123047
torch.Size([8, 4096])
Batch ar train loss: 2.6257476806640625
torch.Size([8, 4096])
Batch ar train loss: 1.9455527067184448
torch.Size([8, 4096])
Batch ar train loss: 2.6283152103424072
torch.Size([8, 4096])
Batch ar train loss: 2.2970728874206543
torch.Size([8, 4096])
Batch ar train loss: 2.279924154281616
torch.Size([8, 4096])
Batch ar train loss: 2.780524492263794
torch.Size([8, 4096])
Batch ar train loss: 2.4896042346954346
torch.Size([8, 4096])
Batch ar train loss: 2.3965518474578857
CPU Memory at batch 130: 1119.22 MB
Current memory usage: 4.18 MB; Peak: 19.43 MB
After GC: 1119.22 MB
torch.Size([8, 4096])
Batch ar train loss: 1.9187545776367188
torch.Size([8, 4096])
Batch ar train loss: 1.878097414970398
torch.Size([8, 4096])
Batch ar train loss: 2.4294347763061523
torch.Size([8, 4096])
Batch ar train loss: 1.7094732522964478
torch.Size([8, 4096])
Batch ar train loss: 2.6521549224853516
torch.Size([8, 4096])
Batch ar train loss: 2.3867127895355225
torch.Size([8, 4096])
Batch ar train loss: 2.4157602787017822
torch.Size([8, 4096])
Batch ar train loss: 2.0321738719940186
torch.Size([8, 4096])
Batch ar train loss: 2.208221673965454
torch.Size([8, 3573])
Batch ar train loss: 2.3234119415283203
CPU Memory at batch 140: 1124.31 MB
Current memory usage: 4.09 MB; Peak: 19.43 MB
After GC: 1124.31 MB
torch.Size([8, 4096])
Batch ar train loss: 2.1754915714263916
torch.Size([8, 4096])
Batch ar train loss: 2.497544050216675
torch.Size([8, 4096])
Batch ar train loss: 2.421260118484497
torch.Size([8, 4096])
Batch ar train loss: 2.015801191329956
torch.Size([8, 4096])
Batch ar train loss: 2.3223116397857666
torch.Size([8, 4096])
Batch ar train loss: 2.0224103927612305
torch.Size([8, 4096])
Batch ar train loss: 2.420896053314209
torch.Size([8, 4096])
Batch ar train loss: 2.2955996990203857
torch.Size([8, 4096])
Batch ar train loss: 2.1819026470184326
torch.Size([8, 4096])
Batch ar train loss: 2.55774188041687
CPU Memory at batch 150: 1124.31 MB
Current memory usage: 4.15 MB; Peak: 19.43 MB
After GC: 1124.31 MB
torch.Size([8, 4096])
Batch ar train loss: 2.171652317047119
torch.Size([8, 4096])
Batch ar train loss: 2.2488439083099365
torch.Size([8, 4096])
Batch ar train loss: 2.0082244873046875
torch.Size([8, 4096])
Batch ar train loss: 1.6098322868347168
torch.Size([8, 4096])
Batch ar train loss: 2.209071159362793
torch.Size([8, 4096])
Batch ar train loss: 2.0788934230804443
torch.Size([8, 4096])
Batch ar train loss: 2.002727746963501
torch.Size([8, 4096])
Batch ar train loss: 2.074287176132202
torch.Size([8, 4096])
Batch ar train loss: 1.8540828227996826
torch.Size([8, 4096])
Batch ar train loss: 2.511500835418701
CPU Memory at batch 160: 1124.32 MB
Current memory usage: 4.26 MB; Peak: 19.43 MB
After GC: 1124.32 MB
torch.Size([8, 4096])
Batch ar train loss: 2.19148850440979
torch.Size([8, 4096])
Batch ar train loss: 2.3885626792907715
torch.Size([8, 4096])
Batch ar train loss: 1.7121895551681519
torch.Size([8, 3516])
Batch ar train loss: 1.7385075092315674
torch.Size([8, 4096])
Batch ar train loss: 2.6479673385620117
torch.Size([8, 4096])
Batch ar train loss: 2.1206655502319336
torch.Size([8, 4096])
Batch ar train loss: 2.1646173000335693
torch.Size([8, 4096])
Batch ar train loss: 2.22108793258667
torch.Size([8, 4096])
Batch ar train loss: 1.9434406757354736
torch.Size([8, 4096])
Batch ar train loss: 1.6728228330612183
CPU Memory at batch 170: 1124.32 MB
Current memory usage: 4.09 MB; Peak: 19.43 MB
After GC: 1124.32 MB
torch.Size([8, 4096])
Batch ar train loss: 1.7489632368087769
torch.Size([8, 4096])
Batch ar train loss: 1.7204912900924683
torch.Size([8, 4096])
Batch ar train loss: 2.67928409576416
torch.Size([8, 4096])
Batch ar train loss: 2.881082534790039
torch.Size([8, 4096])
Batch ar train loss: 1.9880461692810059
torch.Size([8, 4096])
Batch ar train loss: 2.561462879180908
torch.Size([8, 4096])
Batch ar train loss: 2.412898302078247
torch.Size([8, 4096])
Batch ar train loss: 2.3553271293640137
torch.Size([8, 4096])
Batch ar train loss: 1.858796238899231
torch.Size([8, 4096])
Batch ar train loss: 2.339287519454956
CPU Memory at batch 180: 1124.32 MB
Current memory usage: 4.22 MB; Peak: 19.43 MB
After GC: 1124.32 MB
torch.Size([8, 4096])
Batch ar train loss: 2.035865068435669
torch.Size([8, 4096])
Batch ar train loss: 1.854050874710083
torch.Size([8, 4096])
Batch ar train loss: 2.365387201309204
torch.Size([8, 4096])
Batch ar train loss: 2.3351714611053467
torch.Size([8, 4096])
Batch ar train loss: 2.5141584873199463
torch.Size([8, 4096])
Batch ar train loss: 1.7553117275238037
torch.Size([8, 4096])
Batch ar train loss: 2.3409500122070312
torch.Size([8, 4096])
Batch ar train loss: 2.1651012897491455
torch.Size([8, 4096])
Batch ar train loss: 2.058671236038208
torch.Size([8, 4096])
Batch ar train loss: 1.585439682006836
CPU Memory at batch 190: 1124.34 MB
Current memory usage: 4.16 MB; Peak: 19.43 MB
After GC: 1124.34 MB
torch.Size([8, 4096])
Batch ar train loss: 2.4091591835021973
torch.Size([8, 4096])
Batch ar train loss: 2.092348337173462
torch.Size([8, 4096])
Batch ar train loss: 1.9404922723770142
torch.Size([8, 4096])
Batch ar train loss: 2.50848126411438
torch.Size([8, 4096])
Batch ar train loss: 2.152787446975708
torch.Size([8, 4096])
Batch ar train loss: 2.4361965656280518
torch.Size([8, 4096])
Batch ar train loss: 2.1026434898376465
torch.Size([8, 4096])
Batch ar train loss: 1.8466254472732544
torch.Size([8, 4096])
Batch ar train loss: 1.779449224472046
torch.Size([8, 3186])
Batch ar train loss: 1.7976131439208984
CPU Memory at batch 200: 1124.34 MB
Current memory usage: 4.18 MB; Peak: 19.43 MB
After GC: 1124.34 MB
torch.Size([8, 4096])
Batch ar train loss: 2.084620714187622
torch.Size([8, 4019])
Batch ar train loss: 1.9249756336212158
torch.Size([8, 4096])
Batch ar train loss: 2.1066951751708984
torch.Size([8, 4096])
Batch ar train loss: 2.516937732696533
torch.Size([8, 4096])
Batch ar train loss: 1.7650353908538818
torch.Size([8, 4096])
Batch ar train loss: 2.3672902584075928
torch.Size([8, 4096])
Batch ar train loss: 2.0311741828918457
torch.Size([8, 4096])
Batch ar train loss: 2.152255058288574
torch.Size([8, 4096])
Batch ar train loss: 2.347687005996704
torch.Size([8, 4096])
Batch ar train loss: 2.022434949874878
CPU Memory at batch 210: 1124.34 MB
Current memory usage: 4.10 MB; Peak: 19.43 MB
After GC: 1124.35 MB
torch.Size([8, 4096])
Batch ar train loss: 2.0304136276245117
torch.Size([8, 4096])
Batch ar train loss: 1.684941053390503
torch.Size([8, 4096])
Batch ar train loss: 2.353659152984619
torch.Size([8, 4096])
Batch ar train loss: 2.045830488204956
torch.Size([8, 4096])
Batch ar train loss: 2.1494202613830566
torch.Size([8, 4096])
Batch ar train loss: 1.9668900966644287
torch.Size([8, 4096])
Batch ar train loss: 1.8795768022537231
torch.Size([8, 4096])
Batch ar train loss: 2.3003954887390137
torch.Size([8, 4096])
Batch ar train loss: 2.459362745285034
torch.Size([8, 3562])
Batch ar train loss: 1.848982334136963
CPU Memory at batch 220: 1124.35 MB
Current memory usage: 4.26 MB; Peak: 19.43 MB
After GC: 1124.35 MB
torch.Size([8, 4096])
Batch ar train loss: 2.0922138690948486
torch.Size([8, 4096])
Batch ar train loss: 1.6272954940795898
torch.Size([8, 4096])
Batch ar train loss: 1.5145710706710815
torch.Size([8, 4096])
Batch ar train loss: 2.4156265258789062
torch.Size([8, 4096])
Batch ar train loss: 1.9608663320541382
torch.Size([8, 4096])
Batch ar train loss: 1.976378083229065
torch.Size([8, 4096])
Batch ar train loss: 1.9648759365081787
torch.Size([8, 4096])
Batch ar train loss: 2.178061008453369
torch.Size([8, 4096])
Batch ar train loss: 1.7192102670669556
torch.Size([8, 4096])
Batch ar train loss: 2.1910016536712646
CPU Memory at batch 230: 1124.36 MB
Current memory usage: 4.25 MB; Peak: 19.43 MB
After GC: 1124.36 MB
torch.Size([8, 4096])
Batch ar train loss: 1.6703228950500488
torch.Size([8, 4096])
Batch ar train loss: 2.1073336601257324
torch.Size([8, 4096])
Batch ar train loss: 1.8886545896530151
torch.Size([8, 4096])
Batch ar train loss: 1.937586784362793
torch.Size([8, 4096])
Batch ar train loss: 2.0064163208007812
torch.Size([8, 4096])
Batch ar train loss: 2.2815823554992676
torch.Size([8, 4096])
Batch ar train loss: 1.9624494314193726
torch.Size([8, 4096])
Batch ar train loss: 2.4857163429260254
torch.Size([8, 4096])
Batch ar train loss: 1.6103551387786865
torch.Size([8, 4096])
Batch ar train loss: 1.8895243406295776
CPU Memory at batch 240: 1124.36 MB
Current memory usage: 4.20 MB; Peak: 19.43 MB
After GC: 1124.36 MB
torch.Size([8, 4096])
Batch ar train loss: 1.8955146074295044
torch.Size([8, 4096])
Batch ar train loss: 2.0751826763153076
torch.Size([8, 4096])
Batch ar train loss: 1.8248169422149658
torch.Size([8, 4096])
Batch ar train loss: 1.7640190124511719
torch.Size([8, 4096])
Batch ar train loss: 2.351975202560425
torch.Size([8, 4096])
Batch ar train loss: 1.8057557344436646
torch.Size([8, 4096])
Batch ar train loss: 2.047837018966675
torch.Size([8, 4096])
Batch ar train loss: 1.9573695659637451
torch.Size([8, 4096])
Batch ar train loss: 1.57073974609375
torch.Size([8, 4096])
Batch ar train loss: 2.2585105895996094
CPU Memory at batch 250: 1124.37 MB
Current memory usage: 4.11 MB; Peak: 19.43 MB
After GC: 1124.37 MB
torch.Size([8, 4096])
Batch ar train loss: 2.155252456665039
torch.Size([8, 4096])
Batch ar train loss: 2.045332193374634
torch.Size([8, 4096])
Batch ar train loss: 2.400818347930908
torch.Size([8, 4096])
Batch ar train loss: 1.95269775390625
torch.Size([8, 4096])
Batch ar train loss: 2.1043126583099365
torch.Size([8, 4096])
Batch ar train loss: 2.0907070636749268
torch.Size([8, 4096])
Batch ar train loss: 1.993280053138733
torch.Size([8, 4096])
Batch ar train loss: 1.930999517440796
torch.Size([8, 4096])
Batch ar train loss: 1.9050521850585938
torch.Size([8, 4096])
Batch ar train loss: 2.341444969177246
CPU Memory at batch 260: 1124.37 MB
Current memory usage: 4.12 MB; Peak: 19.43 MB
After GC: 1124.37 MB
torch.Size([8, 4096])
Batch ar train loss: 2.033600330352783
torch.Size([8, 4096])
Batch ar train loss: 1.8552110195159912
torch.Size([8, 4096])
Batch ar train loss: 2.3710155487060547
torch.Size([8, 4096])
Batch ar train loss: 1.7244552373886108
torch.Size([8, 4096])
Batch ar train loss: 2.1176564693450928
torch.Size([8, 4096])
Batch ar train loss: 2.2390053272247314
torch.Size([8, 4096])
Batch ar train loss: 2.1428534984588623
torch.Size([8, 4096])
Batch ar train loss: 2.1222808361053467
torch.Size([8, 4096])
Batch ar train loss: 2.439897298812866
torch.Size([8, 4096])
Batch ar train loss: 1.5069526433944702
CPU Memory at batch 270: 1124.37 MB
Current memory usage: 4.20 MB; Peak: 19.43 MB
After GC: 1124.37 MB
torch.Size([8, 4096])
Batch ar train loss: 2.2061336040496826
torch.Size([8, 4096])
Batch ar train loss: 1.7592746019363403
torch.Size([8, 4096])
Batch ar train loss: 2.137650966644287
torch.Size([8, 4096])
Batch ar train loss: 2.3036458492279053
torch.Size([8, 4096])
Batch ar train loss: 2.6368906497955322
torch.Size([8, 4096])
Batch ar train loss: 1.725959062576294
torch.Size([8, 4096])
Batch ar train loss: 2.0019335746765137
torch.Size([8, 3880])
Batch ar train loss: 1.810141921043396
torch.Size([8, 4096])
Batch ar train loss: 1.6633188724517822
torch.Size([8, 4096])
Batch ar train loss: 1.52097487449646
CPU Memory at batch 280: 1124.37 MB
Current memory usage: 4.13 MB; Peak: 19.43 MB
After GC: 1124.37 MB
torch.Size([8, 4096])
Batch ar train loss: 2.0411078929901123
torch.Size([8, 4096])
Batch ar train loss: 1.8277695178985596
torch.Size([8, 4096])
Batch ar train loss: 2.5438756942749023
torch.Size([8, 4096])
Batch ar train loss: 1.6680103540420532
torch.Size([8, 4096])
Batch ar train loss: 1.8774402141571045
torch.Size([8, 4096])
Batch ar train loss: 2.0701279640197754
torch.Size([8, 4096])
Batch ar train loss: 1.9972573518753052
torch.Size([8, 4096])
Batch ar train loss: 2.2526023387908936
torch.Size([8, 4096])
Batch ar train loss: 1.4687243700027466
torch.Size([8, 4096])
Batch ar train loss: 2.085651397705078
CPU Memory at batch 290: 1124.55 MB
Current memory usage: 4.22 MB; Peak: 19.43 MB
After GC: 1124.55 MB
torch.Size([8, 4096])
Batch ar train loss: 2.382648468017578
torch.Size([8, 4096])
Batch ar train loss: 2.0469720363616943
torch.Size([8, 4096])
Batch ar train loss: 2.5512077808380127
torch.Size([8, 4096])
Batch ar train loss: 1.8011823892593384
torch.Size([8, 4096])
Batch ar train loss: 1.818788766860962
torch.Size([8, 4096])
Batch ar train loss: 1.9806463718414307
torch.Size([8, 4096])
Batch ar train loss: 1.6046310663223267
torch.Size([8, 4096])
Batch ar train loss: 2.1543900966644287
torch.Size([8, 4096])
Batch ar train loss: 2.1168057918548584
torch.Size([8, 4096])
Batch ar train loss: 2.3022680282592773
CPU Memory at batch 300: 1124.59 MB
Current memory usage: 4.28 MB; Peak: 19.43 MB
After GC: 1124.59 MB
torch.Size([8, 4096])
Batch ar train loss: 2.210125207901001
torch.Size([8, 4096])
Batch ar train loss: 2.4070634841918945
torch.Size([8, 4096])
Batch ar train loss: 1.8263773918151855
torch.Size([8, 4096])
Batch ar train loss: 2.2552449703216553
torch.Size([8, 4096])
Batch ar train loss: 1.8020920753479004
torch.Size([8, 4096])
Batch ar train loss: 2.472088098526001
torch.Size([8, 4096])
Batch ar train loss: 2.2834713459014893
torch.Size([8, 4096])
Batch ar train loss: 1.5482940673828125
torch.Size([8, 4096])
Batch ar train loss: 1.7124342918395996
torch.Size([8, 4096])
Batch ar train loss: 1.7402938604354858
CPU Memory at batch 310: 1124.70 MB
Current memory usage: 4.30 MB; Peak: 19.43 MB
After GC: 1124.70 MB
torch.Size([8, 4096])
Batch ar train loss: 1.5164320468902588
torch.Size([8, 4096])
Batch ar train loss: 1.408319115638733
torch.Size([8, 4096])
Batch ar train loss: 2.5154566764831543
torch.Size([8, 4096])
Batch ar train loss: 2.159860610961914
torch.Size([8, 4096])
Batch ar train loss: 1.977351427078247
torch.Size([8, 4096])
Batch ar train loss: 2.0406525135040283
torch.Size([8, 4096])
Batch ar train loss: 1.694826364517212
torch.Size([8, 4096])
Batch ar train loss: 1.7662816047668457
torch.Size([8, 4096])
Batch ar train loss: 2.0192995071411133
torch.Size([8, 4096])
Batch ar train loss: 1.8835458755493164
CPU Memory at batch 320: 1124.72 MB
Current memory usage: 4.29 MB; Peak: 19.43 MB
After GC: 1124.72 MB
torch.Size([8, 4096])
Batch ar train loss: 1.7293089628219604
torch.Size([8, 4096])
Batch ar train loss: 1.9235899448394775
torch.Size([8, 4096])
Batch ar train loss: 1.3837004899978638
torch.Size([8, 4096])
Batch ar train loss: 2.0247979164123535
torch.Size([8, 4096])
Batch ar train loss: 2.0382704734802246
torch.Size([8, 4096])
Batch ar train loss: 2.1090869903564453
torch.Size([8, 4096])
Batch ar train loss: 2.141632080078125
torch.Size([8, 4096])
Batch ar train loss: 1.759037733078003
torch.Size([8, 4096])
Batch ar train loss: 1.8235795497894287
torch.Size([8, 4096])
Batch ar train loss: 1.9785197973251343
CPU Memory at batch 330: 1124.72 MB
Current memory usage: 4.38 MB; Peak: 19.43 MB
After GC: 1124.72 MB
torch.Size([8, 4096])
Batch ar train loss: 2.3655903339385986
torch.Size([8, 4096])
Batch ar train loss: 1.8246644735336304
torch.Size([8, 4096])
Batch ar train loss: 1.1253048181533813
torch.Size([8, 4096])
Batch ar train loss: 1.9827101230621338
torch.Size([8, 4096])
Batch ar train loss: 2.043339490890503
torch.Size([8, 4096])
Batch ar train loss: 1.7959791421890259
torch.Size([8, 4096])
Batch ar train loss: 1.6372437477111816
torch.Size([8, 4096])
Batch ar train loss: 2.1476101875305176
torch.Size([8, 4096])
Batch ar train loss: 1.977851152420044
torch.Size([8, 4096])
Batch ar train loss: 2.016359329223633
CPU Memory at batch 340: 1129.85 MB
Current memory usage: 4.31 MB; Peak: 19.43 MB
After GC: 1129.85 MB
torch.Size([8, 4096])
Batch ar train loss: 1.4049794673919678
torch.Size([8, 4096])
Batch ar train loss: 1.810137391090393
torch.Size([8, 4096])
Batch ar train loss: 1.953599214553833
torch.Size([8, 4096])
Batch ar train loss: 1.982433557510376
torch.Size([8, 4096])
Batch ar train loss: 2.0782558917999268
torch.Size([8, 4096])
Batch ar train loss: 1.8744983673095703
torch.Size([8, 4096])
Batch ar train loss: 2.2504332065582275
torch.Size([8, 4096])
Batch ar train loss: 2.2061262130737305
torch.Size([8, 4096])
Batch ar train loss: 1.7053396701812744
torch.Size([8, 4096])
Batch ar train loss: 2.5395305156707764
CPU Memory at batch 350: 1129.86 MB
Current memory usage: 4.18 MB; Peak: 19.43 MB
After GC: 1129.86 MB
torch.Size([8, 4096])
Batch ar train loss: 1.7730021476745605
torch.Size([8, 4096])
Batch ar train loss: 1.8186336755752563
torch.Size([8, 4096])
Batch ar train loss: 1.8347750902175903
torch.Size([8, 4096])
Batch ar train loss: 1.8749743700027466
torch.Size([8, 4096])
Batch ar train loss: 1.6702312231063843
torch.Size([8, 4096])
Batch ar train loss: 1.5382601022720337
torch.Size([8, 4096])
Batch ar train loss: 2.345386505126953
torch.Size([8, 4096])
Batch ar train loss: 1.8229825496673584
torch.Size([8, 4096])
Batch ar train loss: 2.0615110397338867
torch.Size([8, 4096])
Batch ar train loss: 1.8305890560150146
CPU Memory at batch 360: 1129.86 MB
Current memory usage: 4.12 MB; Peak: 19.43 MB
After GC: 1129.86 MB
torch.Size([8, 4096])
Batch ar train loss: 1.5711138248443604
torch.Size([8, 4096])
Batch ar train loss: 2.036144733428955
torch.Size([8, 4096])
Batch ar train loss: 2.363454580307007
torch.Size([8, 4096])
Batch ar train loss: 2.274768590927124
torch.Size([8, 4096])
Batch ar train loss: 1.7466368675231934
torch.Size([8, 4096])
Batch ar train loss: 2.039135694503784
torch.Size([8, 4096])
Batch ar train loss: 1.845386028289795
torch.Size([8, 4096])
Batch ar train loss: 1.5934369564056396
torch.Size([8, 4096])
Batch ar train loss: 1.7481199502944946
torch.Size([8, 4096])
Batch ar train loss: 2.0207648277282715
CPU Memory at batch 370: 1129.86 MB
Current memory usage: 4.41 MB; Peak: 19.43 MB
After GC: 1129.86 MB
torch.Size([8, 4096])
Batch ar train loss: 2.2506182193756104
torch.Size([8, 3570])
Batch ar train loss: 1.6877690553665161
torch.Size([8, 4096])
Batch ar train loss: 2.416585922241211
torch.Size([8, 4096])
Batch ar train loss: 2.126058340072632
torch.Size([8, 4096])
Batch ar train loss: 2.1119115352630615
torch.Size([8, 4096])
Batch ar train loss: 1.8453023433685303
torch.Size([8, 4096])
Batch ar train loss: 1.6853705644607544
torch.Size([8, 4096])
Batch ar train loss: 1.8849540948867798
torch.Size([8, 4096])
Batch ar train loss: 1.707269549369812
torch.Size([8, 4096])
Batch ar train loss: 1.9433845281600952
CPU Memory at batch 380: 1129.86 MB
Current memory usage: 4.19 MB; Peak: 19.43 MB
After GC: 1129.86 MB
torch.Size([8, 4096])
Batch ar train loss: 1.4396127462387085
torch.Size([8, 4096])
Batch ar train loss: 1.8447738885879517
torch.Size([8, 4096])
Batch ar train loss: 2.080233335494995
torch.Size([8, 4096])
Batch ar train loss: 1.9474437236785889
torch.Size([8, 4096])
Batch ar train loss: 1.9002293348312378
torch.Size([8, 4096])
Batch ar train loss: 2.3617355823516846
torch.Size([8, 4096])
Batch ar train loss: 1.7388582229614258
torch.Size([8, 4096])
Batch ar train loss: 1.6743351221084595
torch.Size([8, 4096])
Batch ar train loss: 1.8192082643508911
torch.Size([8, 4096])
Batch ar train loss: 1.9512633085250854
CPU Memory at batch 390: 1129.86 MB
Current memory usage: 4.44 MB; Peak: 19.43 MB
After GC: 1129.86 MB
torch.Size([8, 4096])
Batch ar train loss: 2.210973024368286
torch.Size([8, 4096])
Batch ar train loss: 1.6244170665740967
torch.Size([8, 4096])
Batch ar train loss: 1.7414922714233398
torch.Size([8, 4096])
Batch ar train loss: 2.3934037685394287
torch.Size([8, 4096])
Batch ar train loss: 1.8140714168548584
torch.Size([8, 4096])
Batch ar train loss: 2.1556262969970703
torch.Size([8, 4096])
Batch ar train loss: 2.0485236644744873
torch.Size([8, 4096])
Batch ar train loss: 1.9915266036987305
torch.Size([8, 4096])
Batch ar train loss: 1.7427611351013184
torch.Size([8, 4096])
Batch ar train loss: 1.8842146396636963
CPU Memory at batch 400: 1131.63 MB
Current memory usage: 4.29 MB; Peak: 19.43 MB
After GC: 1131.63 MB
torch.Size([8, 4096])
Batch ar train loss: 2.1277801990509033
torch.Size([8, 3267])
Batch ar train loss: 1.7365303039550781
torch.Size([8, 4096])
Batch ar train loss: 2.2134974002838135
torch.Size([8, 4096])
Batch ar train loss: 2.177351713180542
torch.Size([8, 4096])
Batch ar train loss: 2.166128396987915
torch.Size([8, 4096])
Batch ar train loss: 2.50026798248291
torch.Size([8, 4096])
Batch ar train loss: 2.142967462539673
torch.Size([8, 4096])
Batch ar train loss: 2.1321568489074707
torch.Size([8, 4096])
Batch ar train loss: 2.1329188346862793
torch.Size([8, 4096])
Batch ar train loss: 1.7149697542190552
CPU Memory at batch 410: 1131.64 MB
Current memory usage: 4.18 MB; Peak: 19.43 MB
After GC: 1131.64 MB
torch.Size([8, 4096])
Batch ar train loss: 1.2657290697097778
torch.Size([8, 4096])
Batch ar train loss: 1.7190223932266235
torch.Size([8, 4096])
Batch ar train loss: 1.9272549152374268
torch.Size([8, 4096])
Batch ar train loss: 1.8895560503005981
torch.Size([8, 4096])
Batch ar train loss: 2.2364559173583984
torch.Size([8, 4096])
Batch ar train loss: 2.1240646839141846
torch.Size([8, 4096])
Batch ar train loss: 2.2459981441497803
torch.Size([8, 4096])
Batch ar train loss: 1.808627963066101
torch.Size([8, 4096])
Batch ar train loss: 1.6593652963638306
torch.Size([8, 4096])
Batch ar train loss: 1.9810512065887451
CPU Memory at batch 420: 1133.03 MB
Current memory usage: 4.25 MB; Peak: 19.43 MB
After GC: 1133.03 MB
torch.Size([8, 4096])
Batch ar train loss: 1.5898091793060303
torch.Size([8, 4096])
Batch ar train loss: 1.8522462844848633
torch.Size([8, 4096])
Batch ar train loss: 2.026524782180786
torch.Size([8, 4096])
Batch ar train loss: 1.6748160123825073
torch.Size([8, 4096])
Batch ar train loss: 1.6923328638076782
torch.Size([8, 4096])
Batch ar train loss: 2.418351411819458
torch.Size([8, 4096])
Batch ar train loss: 1.974179744720459
torch.Size([8, 4096])
Batch ar train loss: 1.8969331979751587
torch.Size([8, 4096])
Batch ar train loss: 1.5699517726898193
torch.Size([8, 4096])
Batch ar train loss: 2.0040903091430664
CPU Memory at batch 430: 1175.10 MB
Current memory usage: 4.41 MB; Peak: 19.43 MB
After GC: 1175.10 MB
torch.Size([8, 4096])
Batch ar train loss: 1.6793639659881592
torch.Size([8, 4096])
Batch ar train loss: 2.1962690353393555
torch.Size([8, 4096])
Batch ar train loss: 1.684646487236023
torch.Size([8, 4096])
Batch ar train loss: 1.4483157396316528
torch.Size([8, 4096])
Batch ar train loss: 1.934922456741333
torch.Size([8, 4096])
Batch ar train loss: 1.5766427516937256
torch.Size([8, 4096])
Batch ar train loss: 1.9049941301345825
torch.Size([8, 4096])
Batch ar train loss: 2.447357654571533
torch.Size([8, 4096])
Batch ar train loss: 1.544776439666748
torch.Size([8, 4096])
Batch ar train loss: 1.438396692276001
CPU Memory at batch 440: 1196.08 MB
Current memory usage: 4.37 MB; Peak: 19.43 MB
After GC: 1196.08 MB
torch.Size([8, 4096])
Batch ar train loss: 1.5677227973937988
torch.Size([8, 4096])
Batch ar train loss: 2.2845869064331055
torch.Size([8, 4096])
Batch ar train loss: 2.004197835922241
torch.Size([8, 4096])
Batch ar train loss: 2.2841734886169434
torch.Size([8, 4096])
Batch ar train loss: 1.8443125486373901
torch.Size([8, 4096])
Batch ar train loss: 1.7332019805908203
torch.Size([8, 4096])
Batch ar train loss: 1.6785809993743896
torch.Size([8, 4096])
Batch ar train loss: 1.6436482667922974
torch.Size([8, 4096])
Batch ar train loss: 1.8493452072143555
torch.Size([8, 4096])
Batch ar train loss: 2.0908894538879395
CPU Memory at batch 450: 1214.67 MB
Current memory usage: 4.43 MB; Peak: 19.43 MB
After GC: 1214.67 MB
torch.Size([8, 4096])
Batch ar train loss: 1.61189603805542
torch.Size([8, 4096])
Batch ar train loss: 1.8281885385513306
torch.Size([8, 4096])
Batch ar train loss: 1.9386045932769775
torch.Size([8, 4096])
Batch ar train loss: 1.5392919778823853
torch.Size([8, 4096])
Batch ar train loss: 2.1387693881988525
torch.Size([8, 4096])
Batch ar train loss: 1.6702581644058228
torch.Size([8, 4096])
Batch ar train loss: 1.8727130889892578
torch.Size([8, 4096])
Batch ar train loss: 2.2983198165893555
torch.Size([8, 4096])
Batch ar train loss: 2.080946683883667
torch.Size([8, 4096])
Batch ar train loss: 2.3723225593566895
CPU Memory at batch 460: 1232.64 MB
Current memory usage: 4.27 MB; Peak: 19.43 MB
After GC: 1232.64 MB
torch.Size([8, 4096])
Batch ar train loss: 1.7804299592971802
torch.Size([8, 4096])
Batch ar train loss: 2.0130550861358643
torch.Size([8, 4096])
Batch ar train loss: 2.293828248977661
torch.Size([8, 4096])
Batch ar train loss: 1.9617365598678589
torch.Size([8, 4096])
Batch ar train loss: 1.7950583696365356
torch.Size([8, 4096])
Batch ar train loss: 2.110398292541504
torch.Size([8, 4096])
Batch ar train loss: 1.9937206506729126
torch.Size([8, 4096])
Batch ar train loss: 1.733323574066162
torch.Size([8, 4096])
Batch ar train loss: 1.9867358207702637
torch.Size([8, 4096])
Batch ar train loss: 1.8964653015136719
CPU Memory at batch 470: 1249.23 MB
Current memory usage: 4.29 MB; Peak: 19.43 MB
After GC: 1249.23 MB
torch.Size([8, 4096])
Batch ar train loss: 1.6487599611282349
torch.Size([8, 4096])
Batch ar train loss: 1.9322140216827393
torch.Size([8, 4096])
Batch ar train loss: 1.9675970077514648
torch.Size([8, 4096])
Batch ar train loss: 1.5591866970062256
torch.Size([8, 4096])
Batch ar train loss: 1.958306074142456
torch.Size([8, 4096])
Batch ar train loss: 1.9179672002792358
torch.Size([8, 4096])
Batch ar train loss: 1.964280605316162
torch.Size([8, 4096])
Batch ar train loss: 1.7037878036499023
torch.Size([8, 4096])
Batch ar train loss: 2.2756025791168213
torch.Size([8, 4096])
Batch ar train loss: 1.8474785089492798
CPU Memory at batch 480: 1249.23 MB
Current memory usage: 4.22 MB; Peak: 19.43 MB
After GC: 1249.23 MB
torch.Size([8, 4096])
Batch ar train loss: 1.857844591140747
torch.Size([8, 4096])
Batch ar train loss: 2.2031893730163574
torch.Size([8, 4096])
Batch ar train loss: 1.926283836364746
torch.Size([8, 4096])
Batch ar train loss: 1.4502036571502686
torch.Size([8, 4096])
Batch ar train loss: 1.6811637878417969
torch.Size([8, 4096])
Batch ar train loss: 1.9830363988876343
torch.Size([8, 4096])
Batch ar train loss: 1.7328004837036133
torch.Size([8, 4096])
Batch ar train loss: 1.9907623529434204
torch.Size([8, 4096])
Batch ar train loss: 2.372600793838501
torch.Size([8, 4096])
Batch ar train loss: 1.8404903411865234
CPU Memory at batch 490: 1262.10 MB
Current memory usage: 4.27 MB; Peak: 19.43 MB
After GC: 1262.10 MB
torch.Size([8, 4096])
Batch ar train loss: 1.880189299583435
torch.Size([8, 4096])
Batch ar train loss: 1.7532540559768677
torch.Size([8, 4096])
Batch ar train loss: 1.9586145877838135
torch.Size([8, 4096])
Batch ar train loss: 2.135202407836914
torch.Size([8, 4096])
Batch ar train loss: 1.5671836137771606
torch.Size([8, 4096])
Batch ar train loss: 1.7603850364685059
torch.Size([8, 4096])
Batch ar train loss: 1.6232048273086548
torch.Size([8, 4096])
Batch ar train loss: 1.7222003936767578
torch.Size([8, 4096])
Batch ar train loss: 1.948417067527771
torch.Size([8, 4096])
Batch ar train loss: 1.917879343032837
CPU Memory at batch 500: 1264.04 MB
Current memory usage: 4.41 MB; Peak: 19.43 MB
After GC: 1264.04 MB
torch.Size([8, 4096])
Batch ar train loss: 1.708755373954773
torch.Size([8, 4096])
Batch ar train loss: 2.2080841064453125
torch.Size([8, 4096])
Batch ar train loss: 1.8363380432128906
torch.Size([8, 4096])
Batch ar train loss: 1.8330439329147339
torch.Size([8, 4096])
Batch ar train loss: 1.8279401063919067
torch.Size([8, 4096])
Batch ar train loss: 2.017824172973633
torch.Size([8, 4096])
Batch ar train loss: 2.5982322692871094
torch.Size([8, 4096])
Batch ar train loss: 1.811091661453247
torch.Size([8, 4096])
Batch ar train loss: 1.7221204042434692
torch.Size([8, 4096])
Batch ar train loss: 1.945561170578003
CPU Memory at batch 510: 1266.28 MB
Current memory usage: 4.32 MB; Peak: 19.43 MB
After GC: 1266.28 MB
torch.Size([8, 4096])
Batch ar train loss: 2.191699743270874
torch.Size([8, 4096])
Batch ar train loss: 2.1053953170776367
torch.Size([8, 4096])
Batch ar train loss: 1.9224387407302856
torch.Size([8, 4096])
Batch ar train loss: 2.234999418258667
torch.Size([8, 4096])
Batch ar train loss: 1.7351948022842407
torch.Size([8, 4096])
Batch ar train loss: 1.9495688676834106
torch.Size([8, 4096])
Batch ar train loss: 2.002545118331909
torch.Size([8, 4096])
Batch ar train loss: 1.6568653583526611
torch.Size([8, 4096])
Batch ar train loss: 1.9741785526275635
torch.Size([8, 4096])
Batch ar train loss: 1.7900527715682983
CPU Memory at batch 520: 1268.64 MB
Current memory usage: 4.50 MB; Peak: 19.43 MB
After GC: 1268.64 MB
torch.Size([8, 4096])
Batch ar train loss: 1.8499252796173096
torch.Size([8, 4096])
Batch ar train loss: 1.617931604385376
torch.Size([8, 4096])
Batch ar train loss: 1.6869244575500488
torch.Size([8, 4096])
Batch ar train loss: 1.5177830457687378
torch.Size([8, 4096])
Batch ar train loss: 1.90363347530365
torch.Size([8, 4096])
Batch ar train loss: 1.9072564840316772
torch.Size([8, 4096])
Batch ar train loss: 2.083589553833008
torch.Size([8, 3160])
Batch ar train loss: 1.6087682247161865
torch.Size([8, 4096])
Batch ar train loss: 2.022886276245117
torch.Size([8, 4096])
Batch ar train loss: 1.9726656675338745
CPU Memory at batch 530: 1270.62 MB
Current memory usage: 4.40 MB; Peak: 19.43 MB
After GC: 1270.62 MB
torch.Size([8, 4096])
Batch ar train loss: 1.8638336658477783
torch.Size([8, 4096])
Batch ar train loss: 2.1946916580200195
torch.Size([8, 4096])
Batch ar train loss: 1.8641844987869263
torch.Size([8, 4096])
Batch ar train loss: 1.6846622228622437
torch.Size([8, 4096])
Batch ar train loss: 2.222228765487671
torch.Size([8, 4096])
Batch ar train loss: 1.7745639085769653
torch.Size([8, 4096])
Batch ar train loss: 1.7419075965881348
torch.Size([8, 4096])
Batch ar train loss: 2.1006836891174316
torch.Size([8, 4096])
Batch ar train loss: 1.7150250673294067
torch.Size([8, 4096])
Batch ar train loss: 1.8211678266525269
CPU Memory at batch 540: 1270.62 MB
Current memory usage: 4.49 MB; Peak: 19.43 MB
After GC: 1270.62 MB
torch.Size([8, 4096])
Batch ar train loss: 2.572591543197632
torch.Size([8, 4096])
Batch ar train loss: 1.9473203420639038
torch.Size([8, 4096])
Batch ar train loss: 2.0908830165863037
torch.Size([8, 4096])
Batch ar train loss: 2.294938802719116
torch.Size([8, 4096])
Batch ar train loss: 1.9744852781295776
torch.Size([8, 4096])
Batch ar train loss: 1.8584989309310913
torch.Size([8, 4096])
Batch ar train loss: 2.5926055908203125
torch.Size([8, 4096])
Batch ar train loss: 1.9315330982208252
torch.Size([8, 4096])
Batch ar train loss: 2.016427755355835
torch.Size([8, 4096])
Batch ar train loss: 1.8846791982650757
CPU Memory at batch 550: 1270.62 MB
Current memory usage: 4.45 MB; Peak: 19.43 MB
After GC: 1270.62 MB
torch.Size([8, 4096])
Batch ar train loss: 1.6676591634750366
torch.Size([8, 4096])
Batch ar train loss: 1.9053077697753906
torch.Size([8, 4096])
Batch ar train loss: 2.244694471359253
torch.Size([8, 4096])
Batch ar train loss: 1.6502810716629028
torch.Size([8, 4096])
Batch ar train loss: 1.7945568561553955
torch.Size([8, 4096])
Batch ar train loss: 1.6858004331588745
torch.Size([8, 4096])
Batch ar train loss: 2.194514274597168
torch.Size([8, 4096])
Batch ar train loss: 2.4120466709136963
torch.Size([8, 4096])
Batch ar train loss: 1.7332031726837158
torch.Size([8, 4096])
Batch ar train loss: 1.8393163681030273
CPU Memory at batch 560: 1270.62 MB
Current memory usage: 4.19 MB; Peak: 19.43 MB
After GC: 1270.62 MB
torch.Size([8, 4096])
Batch ar train loss: 1.9788906574249268
torch.Size([8, 4096])
Batch ar train loss: 1.4114514589309692
torch.Size([8, 4096])
Batch ar train loss: 1.4968199729919434
torch.Size([8, 4096])
Batch ar train loss: 1.729362964630127
torch.Size([8, 4096])
Batch ar train loss: 1.425963282585144
torch.Size([8, 4096])
Batch ar train loss: 1.3845276832580566
torch.Size([8, 4096])
Batch ar train loss: 2.075962543487549
torch.Size([8, 4096])
Batch ar train loss: 1.6747649908065796
torch.Size([8, 4096])
Batch ar train loss: 1.5832098722457886
torch.Size([8, 4096])
Batch ar train loss: 1.9700247049331665
CPU Memory at batch 570: 1270.62 MB
Current memory usage: 4.16 MB; Peak: 19.43 MB
After GC: 1270.62 MB
torch.Size([8, 4096])
Batch ar train loss: 1.7460343837738037
torch.Size([8, 4096])
Batch ar train loss: 1.851596474647522
torch.Size([8, 4096])
Batch ar train loss: 1.7436981201171875
torch.Size([8, 4096])
Batch ar train loss: 1.7899023294448853
torch.Size([8, 4096])
Batch ar train loss: 1.411511778831482
torch.Size([8, 4096])
Batch ar train loss: 1.3884820938110352
torch.Size([8, 4096])
Batch ar train loss: 1.365670084953308
torch.Size([8, 4096])
Batch ar train loss: 2.012993574142456
torch.Size([8, 2511])
Batch ar train loss: 1.9944783449172974
torch.Size([8, 4096])
Batch ar train loss: 2.1077592372894287
CPU Memory at batch 580: 1316.35 MB
Current memory usage: 4.32 MB; Peak: 19.43 MB
After GC: 1316.35 MB
torch.Size([8, 4096])
Batch ar train loss: 2.007209300994873
torch.Size([8, 4096])
Batch ar train loss: 1.8586901426315308
torch.Size([8, 4096])
Batch ar train loss: 2.2025094032287598
torch.Size([8, 4096])
Batch ar train loss: 1.8631373643875122
torch.Size([8, 4096])
Batch ar train loss: 2.00026273727417
torch.Size([8, 4096])
Batch ar train loss: 1.7060474157333374
torch.Size([8, 4096])
Batch ar train loss: 1.759536623954773
torch.Size([8, 4096])
Batch ar train loss: 1.8356424570083618
torch.Size([8, 4096])
Batch ar train loss: 2.036362409591675
torch.Size([8, 4096])
Batch ar train loss: 1.9200936555862427
CPU Memory at batch 590: 1260.90 MB
Current memory usage: 4.22 MB; Peak: 19.43 MB
After GC: 1260.90 MB
torch.Size([8, 4096])
Batch ar train loss: 1.736124038696289
torch.Size([8, 4096])
Batch ar train loss: 1.9792214632034302
torch.Size([8, 4096])
Batch ar train loss: 1.9278215169906616
torch.Size([8, 4096])
Batch ar train loss: 2.1976141929626465
torch.Size([8, 4096])
Batch ar train loss: 1.9141145944595337
torch.Size([8, 4096])
Batch ar train loss: 2.067631244659424
torch.Size([8, 4096])
Batch ar train loss: 2.013484239578247
torch.Size([8, 4096])
Batch ar train loss: 1.4086225032806396
torch.Size([8, 4096])
Batch ar train loss: 2.0711021423339844
torch.Size([8, 4096])
Batch ar train loss: 2.0311279296875
CPU Memory at batch 600: 1263.33 MB
Current memory usage: 4.32 MB; Peak: 19.43 MB
After GC: 1263.33 MB
torch.Size([8, 4096])
Batch ar train loss: 2.1951913833618164
torch.Size([8, 4096])
Batch ar train loss: 1.9019699096679688
torch.Size([8, 4096])
Batch ar train loss: 1.7919585704803467
torch.Size([8, 4096])
Batch ar train loss: 1.6728259325027466
torch.Size([8, 4096])
Batch ar train loss: 1.409157633781433
torch.Size([8, 4096])
Batch ar train loss: 2.202376365661621
torch.Size([8, 4096])
Batch ar train loss: 2.22668719291687
torch.Size([8, 4096])
Batch ar train loss: 1.4972084760665894
torch.Size([8, 4096])
Batch ar train loss: 1.910927176475525
torch.Size([8, 4096])
Batch ar train loss: 2.3916478157043457
CPU Memory at batch 610: 1265.36 MB
Current memory usage: 4.16 MB; Peak: 19.43 MB
After GC: 1265.36 MB
torch.Size([8, 4096])
Batch ar train loss: 2.0845324993133545
torch.Size([8, 4096])
Batch ar train loss: 1.4690749645233154
torch.Size([8, 4096])
Batch ar train loss: 1.9482401609420776
torch.Size([8, 4096])
Batch ar train loss: 1.81992769241333
torch.Size([8, 4096])
Batch ar train loss: 1.5053112506866455
torch.Size([8, 4096])
Batch ar train loss: 1.4651521444320679
torch.Size([8, 4096])
Batch ar train loss: 1.7443917989730835
torch.Size([8, 4096])
Batch ar train loss: 2.4729411602020264
torch.Size([8, 4096])
Batch ar train loss: 1.8127504587173462
torch.Size([8, 4096])
Batch ar train loss: 2.1681458950042725
CPU Memory at batch 620: 1267.03 MB
Current memory usage: 4.39 MB; Peak: 19.43 MB
After GC: 1267.03 MB
torch.Size([8, 4096])
Batch ar train loss: 1.8789446353912354
torch.Size([8, 4096])
Batch ar train loss: 1.5977604389190674
torch.Size([8, 4096])
Batch ar train loss: 1.5453464984893799
torch.Size([8, 4096])
Batch ar train loss: 1.81172776222229
torch.Size([8, 4096])
Batch ar train loss: 1.539658546447754
torch.Size([8, 4096])
Batch ar train loss: 1.7432552576065063
torch.Size([8, 4096])
Batch ar train loss: 2.0167064666748047
torch.Size([8, 3946])
Batch ar train loss: 1.3968478441238403
torch.Size([8, 4096])
Batch ar train loss: 1.7498596906661987
torch.Size([8, 4096])
Batch ar train loss: 2.0698671340942383
CPU Memory at batch 630: 1267.05 MB
Current memory usage: 4.29 MB; Peak: 19.43 MB
After GC: 1267.05 MB
torch.Size([8, 4096])
Batch ar train loss: 1.739833950996399
torch.Size([8, 4096])
Batch ar train loss: 1.6740567684173584
torch.Size([8, 4096])
Batch ar train loss: 1.5342222452163696
torch.Size([8, 4096])
Batch ar train loss: 2.066852331161499
torch.Size([8, 4096])
Batch ar train loss: 2.13360857963562
torch.Size([8, 4096])
Batch ar train loss: 1.9944078922271729
torch.Size([8, 4096])
Batch ar train loss: 1.7298698425292969
torch.Size([8, 4096])
Batch ar train loss: 1.775626301765442
torch.Size([8, 4096])
Batch ar train loss: 1.6401869058609009
torch.Size([8, 4096])
Batch ar train loss: 1.935362458229065
CPU Memory at batch 640: 1267.05 MB
Current memory usage: 4.27 MB; Peak: 19.43 MB
After GC: 1267.05 MB
torch.Size([8, 4096])
Batch ar train loss: 1.7751860618591309
torch.Size([8, 4096])
Batch ar train loss: 1.8974307775497437
torch.Size([8, 4096])
Batch ar train loss: 1.9419517517089844
torch.Size([8, 4096])
Batch ar train loss: 2.0893688201904297
torch.Size([8, 4096])
Batch ar train loss: 2.2552661895751953
torch.Size([8, 4096])
Batch ar train loss: 1.765599250793457
torch.Size([8, 4096])
Batch ar train loss: 1.477957010269165
torch.Size([8, 4096])
Batch ar train loss: 1.9034318923950195
torch.Size([8, 4096])
Batch ar train loss: 1.283246636390686
torch.Size([8, 4096])
Batch ar train loss: 1.501273274421692
CPU Memory at batch 650: 1267.05 MB
Current memory usage: 4.41 MB; Peak: 19.43 MB
After GC: 1267.05 MB
torch.Size([8, 4096])
Batch ar train loss: 1.8122599124908447
torch.Size([8, 4096])
Batch ar train loss: 1.6235787868499756
torch.Size([8, 4096])
Batch ar train loss: 1.7972595691680908
torch.Size([8, 4096])
Batch ar train loss: 2.1217782497406006
torch.Size([8, 4096])
Batch ar train loss: 1.7323676347732544
torch.Size([8, 4096])
Batch ar train loss: 2.0075221061706543
torch.Size([8, 4096])
Batch ar train loss: 1.9536936283111572
torch.Size([8, 4096])
Batch ar train loss: 1.2016429901123047
torch.Size([8, 4096])
Batch ar train loss: 1.804932713508606
torch.Size([8, 4096])
Batch ar train loss: 1.6036245822906494
CPU Memory at batch 660: 1267.05 MB
Current memory usage: 4.34 MB; Peak: 19.43 MB
After GC: 1267.05 MB
torch.Size([8, 4096])
Batch ar train loss: 1.6682835817337036
torch.Size([8, 4096])
Batch ar train loss: 1.9177162647247314
torch.Size([8, 4096])
Batch ar train loss: 2.15166974067688
torch.Size([8, 4096])
Batch ar train loss: 1.773925542831421
torch.Size([8, 4096])
Batch ar train loss: 1.661996841430664
torch.Size([8, 4096])
Batch ar train loss: 2.3513317108154297
torch.Size([8, 4096])
Batch ar train loss: 1.8992468118667603
torch.Size([8, 4096])
Batch ar train loss: 1.79010808467865
torch.Size([8, 4096])
Batch ar train loss: 1.921513557434082
torch.Size([8, 4096])
Batch ar train loss: 2.0387353897094727
CPU Memory at batch 670: 1267.05 MB
Current memory usage: 4.33 MB; Peak: 19.43 MB
After GC: 1267.05 MB
torch.Size([8, 4096])
Batch ar train loss: 1.5051969289779663
torch.Size([8, 4096])
Batch ar train loss: 2.289794921875
torch.Size([8, 4096])
Batch ar train loss: 1.6487517356872559
torch.Size([8, 4096])
Batch ar train loss: 1.609343409538269
torch.Size([8, 4096])
Batch ar train loss: 2.44645357131958
torch.Size([8, 4096])
Batch ar train loss: 1.5824276208877563
torch.Size([8, 4096])
Batch ar train loss: 1.8064438104629517
torch.Size([8, 4096])
Batch ar train loss: 2.2805233001708984
torch.Size([8, 4096])
Batch ar train loss: 1.9088432788848877
torch.Size([8, 4096])
Batch ar train loss: 2.008650541305542
CPU Memory at batch 680: 1267.05 MB
Current memory usage: 4.52 MB; Peak: 19.43 MB
After GC: 1267.05 MB
torch.Size([8, 4096])
Batch ar train loss: 2.3281891345977783
torch.Size([8, 4096])
Batch ar train loss: 1.531949520111084
torch.Size([8, 4096])
Batch ar train loss: 1.550217628479004
torch.Size([8, 4096])
Batch ar train loss: 1.874385118484497
torch.Size([8, 4096])
Batch ar train loss: 1.5542118549346924
torch.Size([8, 4096])
Batch ar train loss: 2.1553900241851807
torch.Size([8, 4096])
Batch ar train loss: 1.9717278480529785
torch.Size([8, 4096])
Batch ar train loss: 2.181544780731201
torch.Size([8, 4096])
Batch ar train loss: 2.1507301330566406
torch.Size([8, 4096])
Batch ar train loss: 2.0791237354278564
CPU Memory at batch 690: 1267.05 MB
Current memory usage: 4.40 MB; Peak: 19.43 MB
After GC: 1267.05 MB
torch.Size([8, 4096])
Batch ar train loss: 1.6755383014678955
torch.Size([8, 4096])
Batch ar train loss: 2.1163156032562256
torch.Size([8, 4096])
Batch ar train loss: 2.0543606281280518
torch.Size([8, 4096])
Batch ar train loss: 2.0411407947540283
torch.Size([8, 4096])
Batch ar train loss: 1.5515785217285156
torch.Size([8, 4096])
Batch ar train loss: 1.7602207660675049
torch.Size([8, 4096])
Batch ar train loss: 1.9166072607040405
torch.Size([8, 4096])
Batch ar train loss: 1.987762451171875
torch.Size([8, 4096])
Batch ar train loss: 1.901648759841919
torch.Size([8, 4096])
Batch ar train loss: 1.6759976148605347
CPU Memory at batch 700: 1267.05 MB
Current memory usage: 4.47 MB; Peak: 19.43 MB
After GC: 1267.05 MB
torch.Size([8, 4096])
Batch ar train loss: 1.899746060371399
torch.Size([8, 4096])
Batch ar train loss: 2.2450332641601562
torch.Size([8, 4096])
Batch ar train loss: 1.733811855316162
torch.Size([8, 4096])
Batch ar train loss: 2.4391629695892334
torch.Size([8, 4096])
Batch ar train loss: 2.0379397869110107
torch.Size([8, 4096])
Batch ar train loss: 2.1166138648986816
torch.Size([8, 4096])
Batch ar train loss: 1.601858377456665
torch.Size([8, 4096])
Batch ar train loss: 1.9002169370651245
torch.Size([8, 4096])
Batch ar train loss: 2.0122811794281006
torch.Size([8, 4096])
Batch ar train loss: 1.5820368528366089
CPU Memory at batch 710: 1267.05 MB
Current memory usage: 4.31 MB; Peak: 19.43 MB
After GC: 1267.05 MB
torch.Size([8, 4096])
Batch ar train loss: 1.7184298038482666
torch.Size([8, 4096])
Batch ar train loss: 1.585028052330017
torch.Size([8, 4096])
Batch ar train loss: 1.9711744785308838
torch.Size([8, 4096])
Batch ar train loss: 1.5728039741516113
torch.Size([8, 4096])
Batch ar train loss: 1.8228116035461426
torch.Size([8, 4096])
Batch ar train loss: 1.924028992652893
torch.Size([8, 4096])
Batch ar train loss: 1.4545245170593262
torch.Size([8, 4096])
Batch ar train loss: 1.8962727785110474
torch.Size([8, 4096])
Batch ar train loss: 1.5835357904434204
torch.Size([8, 4096])
Batch ar train loss: 1.4847408533096313
CPU Memory at batch 720: 1267.05 MB
Current memory usage: 4.27 MB; Peak: 19.43 MB
After GC: 1267.05 MB
torch.Size([8, 4096])
Batch ar train loss: 1.6306843757629395
torch.Size([8, 4096])
Batch ar train loss: 2.162781000137329
torch.Size([8, 4096])
Batch ar train loss: 1.5740156173706055
torch.Size([8, 4096])
Batch ar train loss: 1.8061792850494385
torch.Size([8, 4096])
Batch ar train loss: 1.9012001752853394
torch.Size([8, 4096])
Batch ar train loss: 2.151235580444336
torch.Size([8, 4096])
Batch ar train loss: 1.9391735792160034
torch.Size([8, 4096])
Batch ar train loss: 1.889837622642517
torch.Size([8, 4096])
Batch ar train loss: 1.8441308736801147
torch.Size([8, 4096])
Batch ar train loss: 2.0626657009124756
CPU Memory at batch 730: 1267.05 MB
Current memory usage: 4.41 MB; Peak: 19.43 MB
After GC: 1267.05 MB
torch.Size([8, 4096])
Batch ar train loss: 1.8897091150283813
torch.Size([8, 4096])
Batch ar train loss: 1.6357094049453735
torch.Size([8, 4096])
Batch ar train loss: 2.0962235927581787
torch.Size([8, 4096])
Batch ar train loss: 2.199544668197632
torch.Size([8, 4096])
Batch ar train loss: 1.5982987880706787
torch.Size([8, 4096])
Batch ar train loss: 1.8426111936569214
torch.Size([8, 4096])
Batch ar train loss: 1.7682825326919556
torch.Size([8, 4096])
Batch ar train loss: 1.968580722808838
torch.Size([8, 4096])
Batch ar train loss: 1.9302347898483276
torch.Size([8, 4096])
Batch ar train loss: 2.171520233154297
CPU Memory at batch 740: 1267.05 MB
Current memory usage: 4.46 MB; Peak: 19.43 MB
After GC: 1267.05 MB
torch.Size([8, 4096])
Batch ar train loss: 1.8520467281341553
torch.Size([8, 4096])
Batch ar train loss: 1.729526162147522
torch.Size([8, 4096])
Batch ar train loss: 2.2195546627044678
torch.Size([8, 4096])
Batch ar train loss: 2.3039417266845703
torch.Size([8, 4096])
Batch ar train loss: 1.9480186700820923
torch.Size([8, 4096])
Batch ar train loss: 2.293302536010742
torch.Size([8, 4096])
Batch ar train loss: 1.7988899946212769
torch.Size([8, 4096])
Batch ar train loss: 2.286998748779297
torch.Size([8, 4096])
Batch ar train loss: 2.1659226417541504
torch.Size([8, 4096])
Batch ar train loss: 2.5300586223602295
CPU Memory at batch 750: 1268.33 MB
Current memory usage: 4.98 MB; Peak: 19.43 MB
After GC: 1268.33 MB
torch.Size([8, 4096])
Batch ar train loss: 1.7473503351211548
torch.Size([8, 4096])
Batch ar train loss: 2.191909074783325
torch.Size([8, 4096])
Batch ar train loss: 1.8597428798675537
torch.Size([8, 4096])
Batch ar train loss: 1.7564022541046143
torch.Size([8, 4096])
Batch ar train loss: 2.142673969268799
torch.Size([8, 4096])
Batch ar train loss: 2.007856607437134
torch.Size([8, 4096])
Batch ar train loss: 1.9845153093338013
torch.Size([8, 4096])
Batch ar train loss: 1.9590409994125366
torch.Size([8, 4096])
Batch ar train loss: 1.3725321292877197
torch.Size([8, 4096])
Batch ar train loss: 2.0128493309020996
CPU Memory at batch 760: 1269.77 MB
Current memory usage: 4.35 MB; Peak: 21.59 MB
After GC: 1269.77 MB
torch.Size([8, 4096])
Batch ar train loss: 1.6147387027740479
torch.Size([8, 4096])
Batch ar train loss: 1.7024810314178467
torch.Size([8, 4096])
Batch ar train loss: 1.778867244720459
torch.Size([8, 4096])
Batch ar train loss: 1.825545072555542
torch.Size([8, 4096])
Batch ar train loss: 1.915962815284729
torch.Size([8, 4096])
Batch ar train loss: 1.7462035417556763
torch.Size([8, 4096])
Batch ar train loss: 1.7091491222381592
torch.Size([8, 4096])
Batch ar train loss: 1.9072586297988892
torch.Size([8, 4096])
Batch ar train loss: 1.9294111728668213
torch.Size([8, 4096])
Batch ar train loss: 1.7924237251281738
CPU Memory at batch 770: 1269.77 MB
Current memory usage: 4.42 MB; Peak: 21.59 MB
After GC: 1269.77 MB
torch.Size([8, 4096])
Batch ar train loss: 1.9615097045898438
torch.Size([8, 4096])
Batch ar train loss: 2.0754332542419434
torch.Size([8, 4096])
Batch ar train loss: 2.3435583114624023
torch.Size([8, 4096])
Batch ar train loss: 1.3521933555603027
torch.Size([8, 4096])
Batch ar train loss: 1.8070476055145264
torch.Size([8, 4096])
Batch ar train loss: 2.2803268432617188
torch.Size([8, 4096])
Batch ar train loss: 1.7421170473098755
torch.Size([8, 3255])
Batch ar train loss: 1.6935038566589355
torch.Size([8, 4096])
Batch ar train loss: 1.7529624700546265
torch.Size([8, 4096])
Batch ar train loss: 1.6633549928665161
CPU Memory at batch 780: 1269.77 MB
Current memory usage: 4.38 MB; Peak: 21.59 MB
After GC: 1269.77 MB
torch.Size([8, 4096])
Batch ar train loss: 1.8162826299667358
torch.Size([8, 4096])
Batch ar train loss: 1.8609144687652588
torch.Size([8, 4096])
Batch ar train loss: 2.0715394020080566
torch.Size([8, 4096])
Batch ar train loss: 1.502642035484314
torch.Size([8, 4096])
Batch ar train loss: 2.157820224761963
torch.Size([8, 4096])
Batch ar train loss: 1.8641437292099
torch.Size([8, 4096])
Batch ar train loss: 1.845669150352478
torch.Size([8, 4096])
Batch ar train loss: 2.1303505897521973
torch.Size([8, 4096])
Batch ar train loss: 1.856174349784851
torch.Size([8, 4096])
Batch ar train loss: 1.571629524230957
CPU Memory at batch 790: 1269.77 MB
Current memory usage: 4.25 MB; Peak: 21.59 MB
After GC: 1269.77 MB
torch.Size([8, 4096])
Batch ar train loss: 1.9515632390975952
torch.Size([8, 4096])
Batch ar train loss: 1.6556018590927124
torch.Size([8, 4096])
Batch ar train loss: 2.002232313156128
torch.Size([8, 4096])
Batch ar train loss: 1.5327469110488892
torch.Size([8, 4096])
Batch ar train loss: 1.7506701946258545
torch.Size([8, 4096])
Batch ar train loss: 1.4271036386489868
torch.Size([8, 4096])
Batch ar train loss: 1.565402865409851
torch.Size([8, 4096])
Batch ar train loss: 1.7926867008209229
torch.Size([8, 4096])
Batch ar train loss: 1.6844390630722046
torch.Size([8, 3686])
Batch ar train loss: 1.9192698001861572
CPU Memory at batch 800: 1270.43 MB
Current memory usage: 4.68 MB; Peak: 21.59 MB
After GC: 1270.43 MB
torch.Size([8, 4096])
Batch ar train loss: 1.7452781200408936
torch.Size([8, 4096])
Batch ar train loss: 1.7113655805587769
torch.Size([8, 4096])
Batch ar train loss: 2.0001726150512695
torch.Size([8, 4096])
Batch ar train loss: 1.9207243919372559
torch.Size([8, 4096])
Batch ar train loss: 2.0372798442840576
torch.Size([8, 4096])
Batch ar train loss: 2.020519733428955
torch.Size([8, 4096])
Batch ar train loss: 2.1810741424560547
torch.Size([8, 4096])
Batch ar train loss: 2.388040781021118
torch.Size([8, 4096])
Finished experiment at Sat Apr 12 17:52:42 CEST 2025
Error occurred (possibly OOM) at Sat Apr 12 17:52:42 CEST 2025
Exit code: 1
